#
# A fatal error has been detected by the Java Runtime Environment:
#
#  EXCEPTION_ACCESS_VIOLATION (0xc0000005) at pc=0x000000000293b27a, pid=7612, tid=4464
#
# JRE version: Java(TM) SE Runtime Environment (7.0_40-b43) (build 1.7.0_40-b43)
# Java VM: Java HotSpot(TM) 64-Bit Server VM (24.0-b56 mixed mode windows-amd64 compressed oops)
# Problematic frame:
# v  ~BufferBlob::jni_fast_GetLongField
#
# Failed to write core dump. Minidumps are not enabled by default on client versions of Windows
#
# If you would like to submit a bug report, please visit:
#   http://bugreport.sun.com/bugreport/crash.jsp
# The crash happened outside the Java Virtual Machine in native code.
# See problematic frame for where to report the bug.
#

---------------  T H R E A D  ---------------

Current thread (0x000000000a7ec800):  JavaThread "Thread-5" [_thread_in_native, id=4464, stack(0x000000000b690000,0x000000000b790000)]

siginfo: ExceptionCode=0xc0000005, reading address 0x0000000000000000

Registers:
RAX=0x000000005bdfbf80, RBX=0x000000000a7ec9e8, RCX=0x000000000a7ec9e8, RDX=0x0000000000000000
RSP=0x000000000b78e718, RBP=0x000000000b78e850, RSI=0x000000000b78eb10, RDI=0x000000000a7ec9e8
R8 =0x0000000000000042, R9 =0x0000000000000000, R10=0x000000000000000a, R11=0x000000005b8ef7d0
R12=0x0000000000000000, R13=0x0000000000000000, R14=0x0000000000000000, R15=0x000000000a7ec800
RIP=0x000000000293b27a, EFLAGS=0x0000000000010246

Top of Stack: (sp=0x000000000b78e718)
0x000000000b78e718:   000000005c6015ed 00000000eb90b048
0x000000000b78e728:   0000000000000000 0000000008557300
0x000000000b78e738:   000000005b956602 000000000b78eb18
0x000000000b78e748:   000000005c60aedb 000000000a7ec9e8
0x000000000b78e758:   000000000a7e8a50 000000000d912f00
0x000000000b78e768:   000000005b8dd3a5 000000000a7ec800
0x000000000b78e778:   00000000027dcfa0 00000000028ef0d8
0x000000000b78e788:   000000000b78e7f0 0000000000000007
0x000000000b78e798:   000000005b8edfb6 000000000a7ec800
0x000000000b78e7a8:   00000000028ef0d8 000000000b78eb20
0x000000000b78e7b8:   000000000b78eb28 0000000000000000
0x000000000b78e7c8:   000000000d9285a0 000000000a7ec9e8
0x000000000b78e7d8:   000000000d926ca0 0000029000000130
0x000000000b78e7e8:   0000029800000138 0000029000000130
0x000000000b78e7f8:   0000029800000138 00000000fb65b710
0x000000000b78e808:   0000000400000000 0000000000001e80 

Instructions: (pc=0x000000000293b27a)
0x000000000293b25a:   00 00 00 00 00 00 44 8b 15 b9 07 52 59 4c 8b ca
0x000000000293b26a:   41 f6 c2 01 0f 85 2e 00 00 00 4d 33 ca 4d 33 ca
0x000000000293b27a:   4d 8b 09 4d 8b d8 49 c1 eb 02 4b 8b 04 19 49 bb
0x000000000293b28a:   20 ba e5 5b 00 00 00 00 4c 33 d8 4c 33 d8 45 3b 


Register to memory mapping:

RAX=0x000000005bdfbf80 is an unknown value
RBX=0x000000000a7ec9e8 is an unknown value
RCX=0x000000000a7ec9e8 is an unknown value
RDX=0x0000000000000000 is an unknown value
RSP=0x000000000b78e718 is pointing into the stack for thread: 0x000000000a7ec800
RBP=0x000000000b78e850 is pointing into the stack for thread: 0x000000000a7ec800
RSI=0x000000000b78eb10 is pointing into the stack for thread: 0x000000000a7ec800
RDI=0x000000000a7ec9e8 is an unknown value
R8 =0x0000000000000042 is an unknown value
R9 =0x0000000000000000 is an unknown value
R10=0x000000000000000a is an unknown value
R11=0x000000005b8ef7d0 is an unknown value
R12=0x0000000000000000 is an unknown value
R13=0x0000000000000000 is an unknown value
R14=0x0000000000000000 is an unknown value
R15=0x000000000a7ec800 is a thread


Stack: [0x000000000b690000,0x000000000b790000],  sp=0x000000000b78e718,  free space=1017k
Native frames: (J=compiled Java code, j=interpreted, Vv=VM code, C=native code)
v  ~BufferBlob::jni_fast_GetLongField

Java frames: (J=compiled Java code, j=interpreted, Vv=VM code)
j  sun.java2d.loops.MaskBlit.MaskBlit(Lsun/java2d/SurfaceData;Lsun/java2d/SurfaceData;Ljava/awt/Composite;Lsun/java2d/pipe/Region;IIIIII[BII)V+0
j  sun.java2d.loops.Blit$GeneralMaskBlit.Blit(Lsun/java2d/SurfaceData;Lsun/java2d/SurfaceData;Ljava/awt/Composite;Lsun/java2d/pipe/Region;IIIIII)V+24
j  sun.java2d.pipe.DrawImage.blitSurfaceData(Lsun/java2d/SunGraphics2D;Lsun/java2d/pipe/Region;Lsun/java2d/SurfaceData;Lsun/java2d/SurfaceData;Lsun/java2d/loops/SurfaceType;Lsun/java2d/loops/SurfaceType;IIIIIILjava/awt/Color;)V+97
j  sun.java2d.pipe.DrawImage.renderImageCopy(Lsun/java2d/SunGraphics2D;Ljava/awt/Image;Ljava/awt/Color;IIIIII)Z+77
j  sun.java2d.pipe.DrawImage.copyImage(Lsun/java2d/SunGraphics2D;Ljava/awt/Image;IILjava/awt/Color;)Z+45
j  sun.java2d.pipe.DrawImage.transformImage(Lsun/java2d/SunGraphics2D;Ljava/awt/image/BufferedImage;Ljava/awt/image/BufferedImageOp;II)V+55
j  sun.java2d.SunGraphics2D.drawImage(Ljava/awt/image/BufferedImage;Ljava/awt/image/BufferedImageOp;II)V+15
j  battlecode.client.viewer.render.DrawMap.prerenderMap(Lbattlecode/world/GameMap;)V+135
j  battlecode.client.viewer.render.DrawMap.<init>(Lbattlecode/world/GameMap;)V+61
j  battlecode.client.viewer.render.GameRenderer.processHeader(Lbattlecode/serial/MatchHeader;)V+14
j  battlecode.client.viewer.render.GameRenderer.access$000(Lbattlecode/client/viewer/render/GameRenderer;Lbattlecode/serial/MatchHeader;)V+2
j  battlecode.client.viewer.render.GameRenderer$1.headerReceived(Lbattlecode/client/viewer/BufferedMatch;)V+8
j  battlecode.client.viewer.BufferedMatch.readMatch()V+67
j  battlecode.client.viewer.BufferedMatch.access$000(Lbattlecode/client/viewer/BufferedMatch;)V+1
j  battlecode.client.viewer.BufferedMatch$1.run()V+4
v  ~StubRoutines::call_stub

---------------  P R O C E S S  ---------------

Java Threads: ( => current thread )
  0x000000000accc800 JavaThread "robot 936" daemon [_thread_blocked, id=5232, stack(0x000000000f700000,0x000000000f800000)]
  0x000000000accd000 JavaThread "robot 763" daemon [_thread_in_Java, id=7648, stack(0x000000000f490000,0x000000000f590000)]
  0x000000000acce800 JavaThread "robot 732" daemon [_thread_blocked, id=992, stack(0x000000000f390000,0x000000000f490000)]
  0x000000000accb800 JavaThread "Thread-26" [_thread_blocked, id=5816, stack(0x000000000f290000,0x000000000f390000)]
  0x000000000a813000 JavaThread "robot 566" daemon [_thread_blocked, id=8860, stack(0x000000000f190000,0x000000000f290000)]
  0x000000000a80d800 JavaThread "robot 559" daemon [_thread_blocked, id=2312, stack(0x000000000f090000,0x000000000f190000)]
  0x000000000a810800 JavaThread "robot 379" daemon [_thread_blocked, id=5376, stack(0x000000000ee00000,0x000000000ef00000)]
  0x000000000a810000 JavaThread "robot 378" daemon [_thread_blocked, id=6016, stack(0x000000000ea00000,0x000000000eb00000)]
  0x000000000a811800 JavaThread "robot 308" daemon [_thread_blocked, id=6256, stack(0x000000000ed00000,0x000000000ee00000)]
  0x000000000a80f000 JavaThread "robot 210" daemon [_thread_blocked, id=3748, stack(0x000000000ec00000,0x000000000ed00000)]
  0x000000000a812000 JavaThread "robot 209" daemon [_thread_blocked, id=8772, stack(0x000000000eb00000,0x000000000ec00000)]
  0x000000000a80e800 JavaThread "robot 105" daemon [_thread_blocked, id=7500, stack(0x000000000e900000,0x000000000ea00000)]
  0x000000000a80a000 JavaThread "robot 82" daemon [_thread_blocked, id=7684, stack(0x000000000e700000,0x000000000e800000)]
  0x000000000a80d000 JavaThread "robot 22" daemon [_thread_blocked, id=6972, stack(0x000000000e600000,0x000000000e700000)]
  0x000000000a809000 JavaThread "DestroyJavaVM" [_thread_blocked, id=5592, stack(0x0000000002670000,0x0000000002770000)]
  0x000000000a80c000 JavaThread "Thread-4" [_thread_blocked, id=7176, stack(0x000000000d530000,0x000000000d630000)]
  0x000000000a80b800 JavaThread "Direct Clip" daemon [_thread_blocked, id=4972, stack(0x000000000d430000,0x000000000d530000)]
  0x000000000a808800 JavaThread "Direct Clip" daemon [_thread_blocked, id=4800, stack(0x000000000d330000,0x000000000d430000)]
  0x000000000a80a800 JavaThread "Direct Clip" daemon [_thread_blocked, id=8144, stack(0x000000000d230000,0x000000000d330000)]
  0x000000000a804800 JavaThread "Direct Clip" daemon [_thread_blocked, id=1892, stack(0x000000000cd30000,0x000000000ce30000)]
  0x000000000a807800 JavaThread "Direct Clip" daemon [_thread_blocked, id=5328, stack(0x000000000cc30000,0x000000000cd30000)]
  0x000000000a804000 JavaThread "Direct Clip" daemon [_thread_blocked, id=4696, stack(0x000000000cb30000,0x000000000cc30000)]
  0x000000000a807000 JavaThread "Direct Clip" daemon [_thread_blocked, id=8880, stack(0x000000000ca30000,0x000000000cb30000)]
  0x000000000a805800 JavaThread "Direct Clip" daemon [_thread_blocked, id=8544, stack(0x000000000c930000,0x000000000ca30000)]
  0x000000000a806000 JavaThread "Direct Clip" daemon [_thread_blocked, id=5144, stack(0x000000000c830000,0x000000000c930000)]
  0x000000000a63b800 JavaThread "Direct Clip" daemon [_thread_blocked, id=4524, stack(0x000000000c710000,0x000000000c810000)]
  0x000000000a63a800 JavaThread "Direct Clip" daemon [_thread_blocked, id=2964, stack(0x000000000c610000,0x000000000c710000)]
  0x000000000a63a000 JavaThread "Direct Clip" daemon [_thread_blocked, id=36, stack(0x000000000c310000,0x000000000c410000)]
  0x000000000a639000 JavaThread "Direct Clip" daemon [_thread_blocked, id=7396, stack(0x000000000c210000,0x000000000c310000)]
  0x000000000a63c000 JavaThread "Direct Clip" daemon [_thread_blocked, id=6664, stack(0x000000000c110000,0x000000000c210000)]
  0x000000000a635800 JavaThread "Direct Clip" daemon [_thread_blocked, id=7048, stack(0x000000000c010000,0x000000000c110000)]
  0x000000000a638800 JavaThread "Direct Clip" daemon [_thread_blocked, id=4208, stack(0x000000000bf10000,0x000000000c010000)]
  0x000000000a636000 JavaThread "Direct Clip" daemon [_thread_blocked, id=6088, stack(0x000000000be10000,0x000000000bf10000)]
  0x000000000a637800 JavaThread "Java Sound Event Dispatcher" daemon [_thread_blocked, id=1972, stack(0x000000000ba10000,0x000000000bb10000)]
  0x000000000a637000 JavaThread "Thread-6" daemon [_thread_blocked, id=9064, stack(0x000000000b790000,0x000000000b890000)]
=>0x000000000a7ec800 JavaThread "Thread-5" [_thread_in_native, id=4464, stack(0x000000000b690000,0x000000000b790000)]
  0x000000000a8d6800 JavaThread "Keep-Alive-Timer" daemon [_thread_blocked, id=5480, stack(0x000000000b590000,0x000000000b690000)]
  0x000000000a8d6000 JavaThread "TimerQueue" daemon [_thread_blocked, id=4556, stack(0x000000000b480000,0x000000000b580000)]
  0x00000000087c8000 JavaThread "Image Fetcher 1" daemon [_thread_blocked, id=728, stack(0x000000000adb0000,0x000000000aeb0000)]
  0x000000000875a800 JavaThread "Swing-Shell" daemon [_thread_blocked, id=9136, stack(0x0000000009810000,0x0000000009910000)]
  0x0000000008696800 JavaThread "AWT-EventQueue-0" [_thread_blocked, id=8212, stack(0x00000000096f0000,0x00000000097f0000)]
  0x0000000008718800 JavaThread "Image Fetcher 0" daemon [_thread_blocked, id=5196, stack(0x00000000095f0000,0x00000000096f0000)]
  0x00000000086a5000 JavaThread "AWT-Windows" daemon [_thread_in_native, id=1308, stack(0x0000000008f70000,0x0000000009070000)]
  0x00000000086a4800 JavaThread "AWT-Shutdown" [_thread_blocked, id=2224, stack(0x0000000008e70000,0x0000000008f70000)]
  0x000000000869f800 JavaThread "Java2D Disposer" daemon [_thread_blocked, id=8004, stack(0x0000000008d60000,0x0000000008e60000)]
  0x0000000006b21800 JavaThread "Service Thread" daemon [_thread_blocked, id=4864, stack(0x0000000008280000,0x0000000008380000)]
  0x0000000006b17000 JavaThread "C2 CompilerThread1" daemon [_thread_in_native, id=4368, stack(0x0000000008180000,0x0000000008280000)]
  0x0000000006b14800 JavaThread "C2 CompilerThread0" daemon [_thread_in_native, id=2572, stack(0x0000000008080000,0x0000000008180000)]
  0x0000000006b14000 JavaThread "Attach Listener" daemon [_thread_blocked, id=7656, stack(0x0000000007f80000,0x0000000008080000)]
  0x0000000006b11000 JavaThread "Signal Dispatcher" daemon [_thread_blocked, id=4968, stack(0x0000000007e80000,0x0000000007f80000)]
  0x0000000006add800 JavaThread "Finalizer" daemon [_thread_blocked, id=5660, stack(0x0000000007d80000,0x0000000007e80000)]
  0x0000000006ad3800 JavaThread "Reference Handler" daemon [_thread_blocked, id=7756, stack(0x0000000007c80000,0x0000000007d80000)]

Other Threads:
  0x0000000006ad2800 VMThread [stack: 0x0000000007b80000,0x0000000007c80000] [id=5168]
  0x0000000006b3b000 WatcherThread [stack: 0x0000000008380000,0x0000000008480000] [id=9148]

VM state:not at safepoint (normal execution)

VM Mutex/Monitor currently owned by a thread: None

Heap
 PSYoungGen      total 37888K, used 1441K [0x00000000faa80000, 0x00000000ff480000, 0x0000000100000000)
  eden space 32768K, 4% used [0x00000000faa80000,0x00000000fabe86c8,0x00000000fca80000)
  from space 5120K, 0% used [0x00000000fca80000,0x00000000fca80000,0x00000000fcf80000)
  to   space 5120K, 0% used [0x00000000fef80000,0x00000000fef80000,0x00000000ff480000)
 ParOldGen       total 124928K, used 28133K [0x00000000f0000000, 0x00000000f7a00000, 0x00000000faa80000)
  object space 124928K, 22% used [0x00000000f0000000,0x00000000f1b79460,0x00000000f7a00000)
 PSPermGen       total 36864K, used 18245K [0x00000000eae00000, 0x00000000ed200000, 0x00000000f0000000)
  object space 36864K, 49% used [0x00000000eae00000,0x00000000ebfd14c8,0x00000000ed200000)

Card table byte_map: [0x00000000059a0000,0x0000000005a50000] byte_map_base: 0x0000000005249000

Polling page: 0x0000000001000000

Code Cache  [0x00000000028e0000, 0x0000000002b50000, 0x00000000058e0000)
 total_blobs=694 nmethods=198 adapters=448 free_code_cache=48155Kb largest_free_block=49281792

Compilation events (10 events):
Event: 3.538 Thread 0x0000000006b14800 nmethod 193 0x00000000029d4cd0 code [0x00000000029d4e00, 0x00000000029d4e58]
Event: 3.538 Thread 0x0000000006b14800  194             battlecode.world.MapLocation3D::hashCode (21 bytes)
Event: 3.539 Thread 0x0000000006b14800 nmethod 194 0x00000000029d4990 code [0x00000000029d4ae0, 0x00000000029d4bc8]
Event: 3.539 Thread 0x0000000006b14800  195             battlecode.world.NeutralsMap::isValid (57 bytes)
Event: 3.552 Thread 0x0000000006b14800 nmethod 195 0x00000000029dbe10 code [0x00000000029dbfe0, 0x00000000029dc808]
Event: 3.552 Thread 0x0000000006b14800  196             battlecode.world.MapLocation3D::<init> (15 bytes)
Event: 3.553 Thread 0x0000000006b14800 nmethod 196 0x00000000029d4750 code [0x00000000029d4880, 0x00000000029d48f8]
Event: 3.553 Thread 0x0000000006b14800  197             battlecode.world.InternalRobot::processEndOfTurn (667 bytes)
Event: 3.681 Thread 0x0000000006b14800 nmethod 197 0x00000000029d8d50 code [0x00000000029d8fc0, 0x00000000029d9a60]
Event: 3.681 Thread 0x0000000006b14800  198             java.util.TreeMap::access$100 (5 bytes)

GC Heap History (8 events):
Event: 2.831 GC heap before
{Heap before GC invocations=1 (full 0):
 PSYoungGen      total 37888K, used 32768K [0x00000000faa80000, 0x00000000fd480000, 0x0000000100000000)
  eden space 32768K, 100% used [0x00000000faa80000,0x00000000fca80000,0x00000000fca80000)
  from space 5120K, 0% used [0x00000000fcf80000,0x00000000fcf80000,0x00000000fd480000)
  to   space 5120K, 0% used [0x00000000fca80000,0x00000000fca80000,0x00000000fcf80000)
 ParOldGen       total 85504K, used 0K [0x00000000f0000000, 0x00000000f5380000, 0x00000000faa80000)
  object space 85504K, 0% used [0x00000000f0000000,0x00000000f0000000,0x00000000f5380000)
 PSPermGen       total 21504K, used 15486K [0x00000000eae00000, 0x00000000ec300000, 0x00000000f0000000)
  object space 21504K, 72% used [0x00000000eae00000,0x00000000ebd1fbf0,0x00000000ec300000)
Event: 2.839 GC heap after
Heap after GC invocations=1 (full 0):
 PSYoungGen      total 37888K, used 5104K [0x00000000faa80000, 0x00000000fd480000, 0x0000000100000000)
  eden space 32768K, 0% used [0x00000000faa80000,0x00000000faa80000,0x00000000fca80000)
  from space 5120K, 99% used [0x00000000fca80000,0x00000000fcf7c220,0x00000000fcf80000)
  to   space 5120K, 0% used [0x00000000fcf80000,0x00000000fcf80000,0x00000000fd480000)
 ParOldGen       total 85504K, used 509K [0x00000000f0000000, 0x00000000f5380000, 0x00000000faa80000)
  object space 85504K, 0% used [0x00000000f0000000,0x00000000f007f698,0x00000000f5380000)
 PSPermGen       total 21504K, used 15486K [0x00000000eae00000, 0x00000000ec300000, 0x00000000f0000000)
  object space 21504K, 72% used [0x00000000eae00000,0x00000000ebd1fbf0,0x00000000ec300000)
}
Event: 3.379 GC heap before
{Heap before GC invocations=2 (full 0):
 PSYoungGen      total 37888K, used 37872K [0x00000000faa80000, 0x00000000fd480000, 0x0000000100000000)
  eden space 32768K, 100% used [0x00000000faa80000,0x00000000fca80000,0x00000000fca80000)
  from space 5120K, 99% used [0x00000000fca80000,0x00000000fcf7c220,0x00000000fcf80000)
  to   space 5120K, 0% used [0x00000000fcf80000,0x00000000fcf80000,0x00000000fd480000)
 ParOldGen       total 85504K, used 509K [0x00000000f0000000, 0x00000000f5380000, 0x00000000faa80000)
  object space 85504K, 0% used [0x00000000f0000000,0x00000000f007f698,0x00000000f5380000)
 PSPermGen       total 21504K, used 18025K [0x00000000eae00000, 0x00000000ec300000, 0x00000000f0000000)
  object space 21504K, 83% used [0x00000000eae00000,0x00000000ebf9a4d0,0x00000000ec300000)
Event: 3.390 GC heap after
Heap after GC invocations=2 (full 0):
 PSYoungGen      total 37888K, used 5091K [0x00000000faa80000, 0x00000000ff480000, 0x0000000100000000)
  eden space 32768K, 0% used [0x00000000faa80000,0x00000000faa80000,0x00000000fca80000)
  from space 5120K, 99% used [0x00000000fcf80000,0x00000000fd478e48,0x00000000fd480000)
  to   space 5120K, 0% used [0x00000000fca80000,0x00000000fca80000,0x00000000fcf80000)
 ParOldGen       total 85504K, used 7611K [0x00000000f0000000, 0x00000000f5380000, 0x00000000faa80000)
  object space 85504K, 8% used [0x00000000f0000000,0x00000000f076ef28,0x00000000f5380000)
 PSPermGen       total 21504K, used 18025K [0x00000000eae00000, 0x00000000ec300000, 0x00000000f0000000)
  object space 21504K, 83% used [0x00000000eae00000,0x00000000ebf9a4d0,0x00000000ec300000)
}
Event: 3.570 GC heap before
{Heap before GC invocations=3 (full 0):
 PSYoungGen      total 37888K, used 37859K [0x00000000faa80000, 0x00000000ff480000, 0x0000000100000000)
  eden space 32768K, 100% used [0x00000000faa80000,0x00000000fca80000,0x00000000fca80000)
  from space 5120K, 99% used [0x00000000fcf80000,0x00000000fd478e48,0x00000000fd480000)
  to   space 5120K, 0% used [0x00000000fca80000,0x00000000fca80000,0x00000000fcf80000)
 ParOldGen       total 85504K, used 7611K [0x00000000f0000000, 0x00000000f5380000, 0x00000000faa80000)
  object space 85504K, 8% used [0x00000000f0000000,0x00000000f076ef28,0x00000000f5380000)
 PSPermGen       total 21504K, used 18247K [0x00000000eae00000, 0x00000000ec300000, 0x00000000f0000000)
  object space 21504K, 84% used [0x00000000eae00000,0x00000000ebfd1ed8,0x00000000ec300000)
Event: 3.590 GC heap after
Heap after GC invocations=3 (full 0):
 PSYoungGen      total 37888K, used 5115K [0x00000000faa80000, 0x00000000ff480000, 0x0000000100000000)
  eden space 32768K, 0% used [0x00000000faa80000,0x00000000faa80000,0x00000000fca80000)
  from space 5120K, 99% used [0x00000000fca80000,0x00000000fcf7ef18,0x00000000fcf80000)
  to   space 5120K, 0% used [0x00000000fef80000,0x00000000fef80000,0x00000000ff480000)
 ParOldGen       total 85504K, used 55319K [0x00000000f0000000, 0x00000000f5380000, 0x00000000faa80000)
  object space 85504K, 64% used [0x00000000f0000000,0x00000000f3605d38,0x00000000f5380000)
 PSPermGen       total 21504K, used 18247K [0x00000000eae00000, 0x00000000ec300000, 0x00000000f0000000)
  object space 21504K, 84% used [0x00000000eae00000,0x00000000ebfd1ed8,0x00000000ec300000)
}
Event: 3.590 GC heap before
{Heap before GC invocations=4 (full 1):
 PSYoungGen      total 37888K, used 5115K [0x00000000faa80000, 0x00000000ff480000, 0x0000000100000000)
  eden space 32768K, 0% used [0x00000000faa80000,0x00000000faa80000,0x00000000fca80000)
  from space 5120K, 99% used [0x00000000fca80000,0x00000000fcf7ef18,0x00000000fcf80000)
  to   space 5120K, 0% used [0x00000000fef80000,0x00000000fef80000,0x00000000ff480000)
 ParOldGen       total 85504K, used 55319K [0x00000000f0000000, 0x00000000f5380000, 0x00000000faa80000)
  object space 85504K, 64% used [0x00000000f0000000,0x00000000f3605d38,0x00000000f5380000)
 PSPermGen       total 21504K, used 18247K [0x00000000eae00000, 0x00000000ec300000, 0x00000000f0000000)
  object space 21504K, 84% used [0x00000000eae00000,0x00000000ebfd1ed8,0x00000000ec300000)
Event: 3.680 GC heap after
Heap after GC invocations=4 (full 1):
 PSYoungGen      total 37888K, used 0K [0x00000000faa80000, 0x00000000ff480000, 0x0000000100000000)
  eden space 32768K, 0% used [0x00000000faa80000,0x00000000faa80000,0x00000000fca80000)
  from space 5120K, 0% used [0x00000000fca80000,0x00000000fca80000,0x00000000fcf80000)
  to   space 5120K, 0% used [0x00000000fef80000,0x00000000fef80000,0x00000000ff480000)
 ParOldGen       total 124928K, used 28133K [0x00000000f0000000, 0x00000000f7a00000, 0x00000000faa80000)
  object space 124928K, 22% used [0x00000000f0000000,0x00000000f1b79460,0x00000000f7a00000)
 PSPermGen       total 36864K, used 18242K [0x00000000eae00000, 0x00000000ed200000, 0x00000000f0000000)
  object space 36864K, 49% used [0x00000000eae00000,0x00000000ebfd0800,0x00000000ed200000)
}

Deoptimization events (10 events):
Event: 0.883 Thread 0x00000000027dd800 Uncommon trap: reason=class_check action=maybe_recompile pc=0x0000000002955f98 method=java.lang.String.equals(Ljava/lang/Object;)Z @ 8
Event: 0.884 Thread 0x00000000027dd800 Uncommon trap: reason=class_check action=maybe_recompile pc=0x0000000002955f98 method=java.lang.String.equals(Ljava/lang/Object;)Z @ 8
Event: 0.900 Thread 0x0000000008696800 Uncommon trap: reason=class_check action=maybe_recompile pc=0x0000000002955f98 method=java.lang.String.equals(Ljava/lang/Object;)Z @ 8
Event: 0.900 Thread 0x0000000008696800 Uncommon trap: reason=class_check action=maybe_recompile pc=0x0000000002955f98 method=java.lang.String.equals(Ljava/lang/Object;)Z @ 8
Event: 2.606 Thread 0x00000000027dd800 Uncommon trap: reason=null_check action=make_not_entrant pc=0x00000000029912b8 method=java.util.jar.Attributes.putValue(Ljava/lang/String;Ljava/lang/String;)Ljava/lang/String; @ 13
Event: 3.201 Thread 0x000000000a80c000 Uncommon trap: reason=class_check action=maybe_recompile pc=0x00000000029799a4 method=java.util.HashMap.put(Ljava/lang/Object;Ljava/lang/Object;)Ljava/lang/Object; @ 83
Event: 3.202 Thread 0x000000000a80c000 Uncommon trap: reason=class_check action=maybe_recompile pc=0x00000000029799a4 method=java.util.HashMap.put(Ljava/lang/Object;Ljava/lang/Object;)Ljava/lang/Object; @ 83
Event: 3.203 Thread 0x000000000a80c000 Uncommon trap: reason=class_check action=maybe_recompile pc=0x00000000029799a4 method=java.util.HashMap.put(Ljava/lang/Object;Ljava/lang/Object;)Ljava/lang/Object; @ 83
Event: 3.204 Thread 0x000000000a80c000 Uncommon trap: reason=class_check action=maybe_recompile pc=0x00000000029799a4 method=java.util.HashMap.put(Ljava/lang/Object;Ljava/lang/Object;)Ljava/lang/Object; @ 83
Event: 3.310 Thread 0x000000000a80e800 Uncommon trap: reason=null_check action=make_not_entrant pc=0x00000000029c7cd4 method=java.util.jar.JarFile.getJarEntry(Ljava/lang/String;)Ljava/util/jar/JarEntry; @ 5

Internal exceptions (10 events):
Event: 3.360 Thread 0x000000000a80e800 Threw 0x00000000fc8ea348 at C:\jdk7u2_64p\jdk7u40\hotspot\src\share\vm\prims\jvm.cpp:1244
Event: 3.362 Thread 0x000000000a80e800 Threw 0x00000000fc900a30 at C:\jdk7u2_64p\jdk7u40\hotspot\src\share\vm\prims\jvm.cpp:1244
Event: 3.367 Thread 0x000000000a80e800 Threw 0x00000000fc9c27d8 at C:\jdk7u2_64p\jdk7u40\hotspot\src\share\vm\prims\jvm.cpp:1244
Event: 3.369 Thread 0x000000000a80e800 Threw 0x00000000fc9d4d88 at C:\jdk7u2_64p\jdk7u40\hotspot\src\share\vm\prims\jvm.cpp:1244
Event: 3.370 Thread 0x000000000a80e800 Threw 0x00000000fc9e8500 at C:\jdk7u2_64p\jdk7u40\hotspot\src\share\vm\prims\jvm.cpp:1244
Event: 3.371 Thread 0x000000000a80e800 Threw 0x00000000fc9fb038 at C:\jdk7u2_64p\jdk7u40\hotspot\src\share\vm\prims\jvm.cpp:1244
Event: 3.404 Thread 0x000000000a80c000 Threw 0x00000000fad37188 at C:\jdk7u2_64p\jdk7u40\hotspot\src\share\vm\prims\jvm.cpp:1244
Event: 3.423 Thread 0x000000000a80d800 Threw 0x00000000faafc7a0 at C:\jdk7u2_64p\jdk7u40\hotspot\src\share\vm\runtime\reflection.cpp:1030
Event: 3.488 Thread 0x000000000a7ec800 Threw 0x00000000fb4e2da8 at C:\jdk7u2_64p\jdk7u40\hotspot\src\share\vm\prims\jvm.cpp:1244
Event: 3.490 Thread 0x000000000a7ec800 Threw 0x00000000fb4f7c10 at C:\jdk7u2_64p\jdk7u40\hotspot\src\share\vm\prims\jvm.cpp:1244

Events (10 events):
Event: 3.488 loading class 0x000000000a820970
Event: 3.488 loading class 0x000000000a820970 done
Event: 3.490 Thread 0x000000000accb800 Thread added: 0x000000000accb800
Event: 3.490 loading class 0x000000000a773cb0
Event: 3.490 loading class 0x000000000a773cb0 done
Event: 3.512 Thread 0x000000000acce800 Thread added: 0x000000000acce800
Event: 3.520 Thread 0x000000000accd000 Thread added: 0x000000000accd000
Event: 3.566 Thread 0x000000000accc800 Thread added: 0x000000000accc800
Event: 3.570 Executing VM operation: ParallelGCFailedAllocation
Event: 3.680 Executing VM operation: ParallelGCFailedAllocation done


Dynamic libraries:
0x00007ff6c86a0000 - 0x00007ff6c86d3000 	C:\Program Files\Java\jre7\bin\java.exe
0x00007ffc260c0000 - 0x00007ffc26269000 	C:\WINDOWS\SYSTEM32\ntdll.dll
0x00007ffc23b40000 - 0x00007ffc23c79000 	C:\WINDOWS\system32\KERNEL32.DLL
0x00007ffc23510000 - 0x00007ffc2361e000 	C:\WINDOWS\system32\KERNELBASE.dll
0x00007ffc22070000 - 0x00007ffc220fb000 	C:\WINDOWS\system32\apphelp.dll
0x00007ffc0bbd0000 - 0x00007ffc0bc1f000 	C:\WINDOWS\AppPatch\AppPatch64\AcGenral.DLL
0x00007ffc26010000 - 0x00007ffc260b7000 	C:\WINDOWS\system32\msvcrt.dll
0x00007ffc23280000 - 0x00007ffc232ab000 	C:\WINDOWS\SYSTEM32\SspiCli.dll
0x00007ffc23950000 - 0x00007ffc239a1000 	C:\WINDOWS\system32\SHLWAPI.dll
0x00007ffc25b00000 - 0x00007ffc25c71000 	C:\WINDOWS\system32\USER32.dll
0x00007ffc25320000 - 0x00007ffc25496000 	C:\WINDOWS\system32\ole32.dll
0x00007ffc23f10000 - 0x00007ffc2531f000 	C:\WINDOWS\system32\SHELL32.dll
0x00007ffc22ab0000 - 0x00007ffc22acf000 	C:\WINDOWS\SYSTEM32\USERENV.dll
0x00007ffc23a90000 - 0x00007ffc23b35000 	C:\WINDOWS\system32\ADVAPI32.dll
0x00007ffc150f0000 - 0x00007ffc1510b000 	C:\WINDOWS\SYSTEM32\MPR.dll
0x00007ffc23dd0000 - 0x00007ffc23f06000 	C:\WINDOWS\system32\RPCRT4.dll
0x00007ffc239b0000 - 0x00007ffc23a07000 	C:\WINDOWS\SYSTEM32\sechost.dll
0x00007ffc25850000 - 0x00007ffc25a27000 	C:\WINDOWS\SYSTEM32\combase.dll
0x00007ffc23c80000 - 0x00007ffc23dc5000 	C:\WINDOWS\system32\GDI32.dll
0x00007ffc23440000 - 0x00007ffc23454000 	C:\WINDOWS\SYSTEM32\profapi.dll
0x00007ffc21fa0000 - 0x00007ffc22041000 	C:\WINDOWS\SYSTEM32\SHCORE.dll
0x00007ffc254b0000 - 0x00007ffc254e4000 	C:\WINDOWS\system32\IMM32.DLL
0x00007ffc25e60000 - 0x00007ffc25f98000 	C:\WINDOWS\system32\MSCTF.dll
0x00007ffc21080000 - 0x00007ffc212da000 	C:\WINDOWS\WinSxS\amd64_microsoft.windows.common-controls_6595b64144ccf1df_6.0.9600.16384_none_62475f7becb72503\COMCTL32.dll
0x000000005bee0000 - 0x000000005bfb1000 	C:\Program Files\Java\jre7\bin\msvcr100.dll
0x000000005b710000 - 0x000000005bed9000 	C:\Program Files\Java\jre7\bin\server\jvm.dll
0x00007ffc1cc10000 - 0x00007ffc1cc19000 	C:\WINDOWS\SYSTEM32\WSOCK32.dll
0x00007ffc1e0e0000 - 0x00007ffc1e0ff000 	C:\WINDOWS\SYSTEM32\WINMM.dll
0x00007ffc25a30000 - 0x00007ffc25a37000 	C:\WINDOWS\system32\PSAPI.DLL
0x00007ffc23a10000 - 0x00007ffc23a68000 	C:\WINDOWS\system32\WS2_32.dll
0x00007ffc1e0b0000 - 0x00007ffc1e0da000 	C:\WINDOWS\SYSTEM32\WINMMBASE.dll
0x00007ffc25590000 - 0x00007ffc25599000 	C:\WINDOWS\system32\NSI.dll
0x00007ffc236d0000 - 0x00007ffc2371a000 	C:\WINDOWS\SYSTEM32\cfgmgr32.dll
0x00007ffc222c0000 - 0x00007ffc222e6000 	C:\WINDOWS\SYSTEM32\DEVOBJ.dll
0x000000005c990000 - 0x000000005c99f000 	C:\Program Files\Java\jre7\bin\verify.dll
0x000000005c960000 - 0x000000005c988000 	C:\Program Files\Java\jre7\bin\java.dll
0x000000005b6f0000 - 0x000000005b705000 	C:\Program Files\Java\jre7\bin\zip.dll
0x000000005c600000 - 0x000000005c795000 	C:\Program Files\Java\jre7\bin\awt.dll
0x00007ffc25a40000 - 0x00007ffc25af7000 	C:\WINDOWS\system32\OLEAUT32.dll
0x00007ffc21880000 - 0x00007ffc218a1000 	C:\WINDOWS\system32\DWMAPI.DLL
0x00007ffc22140000 - 0x00007ffc22262000 	C:\WINDOWS\system32\uxtheme.dll
0x00007ffc22310000 - 0x00007ffc2231a000 	C:\WINDOWS\SYSTEM32\kernel.appcore.dll
0x00007ffc23310000 - 0x00007ffc2331a000 	C:\WINDOWS\SYSTEM32\CRYPTBASE.dll
0x00007ffc232b0000 - 0x00007ffc2330e000 	C:\WINDOWS\SYSTEM32\bcryptPrimitives.dll
0x00007ffc23620000 - 0x00007ffc236c1000 	C:\WINDOWS\WinSxS\amd64_microsoft.windows.common-controls_6595b64144ccf1df_5.82.9600.16384_none_34a8918f959016ea\comctl32.dll
0x000000005c5c0000 - 0x000000005c5ff000 	C:\Program Files\Java\jre7\bin\fontmanager.dll
0x000000005b6d0000 - 0x000000005b6e9000 	C:\Program Files\Java\jre7\bin\net.dll
0x00007ffc22d00000 - 0x00007ffc22d58000 	C:\WINDOWS\system32\mswsock.dll
0x000000005b6b0000 - 0x000000005b6c1000 	C:\Program Files\Java\jre7\bin\nio.dll
0x000000005c570000 - 0x000000005c5b1000 	C:\Program Files\Java\jre7\bin\t2k.dll
0x00007ffc255a0000 - 0x00007ffc25644000 	C:\WINDOWS\SYSTEM32\clbcatq.dll
0x00007ffc1e480000 - 0x00007ffc1e5e4000 	C:\WINDOWS\SYSTEM32\PROPSYS.dll
0x00007ffc0d2a0000 - 0x00007ffc0d43c000 	C:\WINDOWS\system32\NetworkExplorer.dll
0x00007ffc25c80000 - 0x00007ffc25e56000 	C:\WINDOWS\system32\SETUPAPI.dll
0x00007ffc196c0000 - 0x00007ffc196cb000 	C:\WINDOWS\System32\drprov.dll
0x00007ffc226f0000 - 0x00007ffc22747000 	C:\WINDOWS\System32\WINSTA.dll
0x00007ffc0c0c0000 - 0x00007ffc0c0d5000 	C:\WINDOWS\System32\ntlanman.dll
0x00007ffc0c0a0000 - 0x00007ffc0c0bf000 	C:\WINDOWS\System32\davclnt.dll
0x00007ffc194e0000 - 0x00007ffc194eb000 	C:\WINDOWS\System32\DAVHLPR.dll
0x00007ffc1fc10000 - 0x00007ffc1fc26000 	C:\WINDOWS\System32\wkscli.dll
0x00007ffc175b0000 - 0x00007ffc175c0000 	C:\WINDOWS\SYSTEM32\cscapi.dll
0x00007ffc22750000 - 0x00007ffc2275c000 	C:\WINDOWS\System32\netutils.dll
0x00007ffc0bc40000 - 0x00007ffc0bcb5000 	C:\Windows\System32\dlnashext.dll
0x00007ffc0b2b0000 - 0x00007ffc0b2f7000 	C:\Windows\System32\PlayToDevice.dll
0x00007ffc22d60000 - 0x00007ffc22d7e000 	C:\WINDOWS\SYSTEM32\CRYPTSP.dll
0x00007ffc229a0000 - 0x00007ffc229d5000 	C:\WINDOWS\system32\rsaenh.dll
0x00007ffc22f90000 - 0x00007ffc22fb6000 	C:\WINDOWS\SYSTEM32\bcrypt.dll
0x00007ffc10a60000 - 0x00007ffc10a7c000 	C:\Windows\System32\DevDispItemProvider.dll
0x00007ffc02190000 - 0x00007ffc0237f000 	C:\WINDOWS\system32\wpdshext.dll
0x00007ffc25650000 - 0x00007ffc257e8000 	C:\WINDOWS\WinSxS\amd64_microsoft.windows.gdiplus_6595b64144ccf1df_1.1.9600.16384_none_9332526147499ed1\gdiplus.dll
0x00007ffc1a680000 - 0x00007ffc1a726000 	C:\Windows\System32\PortableDeviceApi.dll
0x00007ffc23720000 - 0x00007ffc2376e000 	C:\WINDOWS\system32\WINTRUST.dll
0x00007ffc23770000 - 0x00007ffc23947000 	C:\WINDOWS\system32\CRYPT32.dll
0x00007ffc234f0000 - 0x00007ffc23502000 	C:\WINDOWS\system32\MSASN1.dll
0x00007ffc0c060000 - 0x00007ffc0c096000 	C:\Windows\System32\EhStorShell.dll
0x00007ffc10900000 - 0x00007ffc10925000 	C:\Windows\System32\EhStorAPI.dll
0x00007ffc22050000 - 0x00007ffc22061000 	C:\Windows\System32\WTSAPI32.dll
0x00007ffc1a0e0000 - 0x00007ffc1a0ec000 	C:\WINDOWS\SYSTEM32\LINKINFO.dll
0x00007ffc1db20000 - 0x00007ffc1db5f000 	C:\Program Files\ThinkPad\Bluetooth Software\btmmhook.dll
0x00007ffc216e0000 - 0x00007ffc21873000 	C:\WINDOWS\SYSTEM32\WindowsCodecs.dll
0x00007ffc22b10000 - 0x00007ffc22bb3000 	C:\WINDOWS\SYSTEM32\DNSAPI.dll
0x00007ffc1c420000 - 0x00007ffc1c429000 	C:\Windows\System32\rasadhlp.dll
0x00007ffc1f6c0000 - 0x00007ffc1f6e9000 	C:\WINDOWS\SYSTEM32\IPHLPAPI.DLL
0x00007ffc1f6a0000 - 0x00007ffc1f6aa000 	C:\WINDOWS\SYSTEM32\WINNSI.DLL
0x00007ffc1f1c0000 - 0x00007ffc1f227000 	C:\WINDOWS\System32\fwpuclnt.dll
0x000000005c950000 - 0x000000005c95c000 	C:\Program Files\Java\jre7\bin\jsound.dll
0x000000005c560000 - 0x000000005c56b000 	C:\Program Files\Java\jre7\bin\jsoundds.dll
0x00007ffc0b970000 - 0x00007ffc0b9f7000 	C:\WINDOWS\SYSTEM32\DSOUND.dll
0x00007ffc233e0000 - 0x00007ffc23425000 	C:\WINDOWS\SYSTEM32\POWRPROF.dll
0x00007ffc20e90000 - 0x00007ffc20ef1000 	C:\WINDOWS\SYSTEM32\MMDevAPI.DLL
0x00007ffc15930000 - 0x00007ffc1596c000 	C:\WINDOWS\SYSTEM32\wdmaud.drv
0x00007ffc1c850000 - 0x00007ffc1c858000 	C:\WINDOWS\SYSTEM32\ksuser.dll
0x00007ffc21f90000 - 0x00007ffc21f9b000 	C:\WINDOWS\SYSTEM32\AVRT.dll
0x00007ffc1af40000 - 0x00007ffc1afb6000 	C:\WINDOWS\SYSTEM32\AUDIOSES.DLL
0x00007ffc1a8d0000 - 0x00007ffc1a8db000 	C:\WINDOWS\SYSTEM32\msacm32.drv
0x00007ffc194f0000 - 0x00007ffc1950b000 	C:\WINDOWS\SYSTEM32\MSACM32.dll
0x00007ffc192e0000 - 0x00007ffc192ea000 	C:\WINDOWS\SYSTEM32\midimap.dll

VM Arguments:
jvm_args: -Dapple.awt.graphics.UseQuartz=true -Dbc.server.map-path=C:\Users\Josh\Documents\github\armada\maps -Xmx256m -Djava.library.path=C:\Users\Josh\Documents\github\armada\lib 
java_command: battlecode.client.Main -c bc.conf
Launcher Type: SUN_STANDARD

Environment Variables:
JAVA_HOME=C:\Program Files\Java\jdk1.7.0_40
PATH=
[error occurred during error reporting (printing environment variables), id 0xc0000005]



---------------  S Y S T E M  ---------------

OS: Windows 8 , 64 bit Build 9200 

CPU:total 4 (2 cores per cpu, 2 threads per core) family 6 model 58 stepping 9, cmov, cx8, fxsr, mmx, sse, sse2, sse3, ssse3, sse4.1, sse4.2, popcnt, avx, aes, erms, ht, tsc, tscinvbit, tscinv

Memory: 4k page, physical 8203172k(1226192k free), swap 10251172k(1868112k free)

vm_info: Java HotSpot(TM) 64-Bit Server VM (24.0-b56) for windows-amd64 JRE (1.7.0_40-b43), built on Aug 26 2013 22:38:32 by "java_re" with unknown MS VC++:1600

time: Thu Jan 09 01:00:36 2014
elapsed time: 3 seconds

